
=== Sat Nov  9 15:21:16 2019

Packages were changed.
Update Mode: mergeDefaultDependencies

The following packages were added:
  com.unity.package-manager-ui@2.2.0
  com.unity.ext.nunit@1.0.0
  com.unity.test-framework@1.0.13
  com.unity.ide.vscode@1.1.0
  com.unity.ide.rider@1.1.0
  com.unity.ugui@1.0.0
  com.unity.modules.androidjni@1.0.0
The following packages were updated:
  com.unity.collab-proxy from version 1.2.9 to 1.2.16
  com.unity.textmeshpro from version 2.0.0 to 2.0.1
  com.unity.timeline from version 0.0.0-builtin to 1.1.0

=== Wed Nov 13 20:00:14 2019

Packages were changed.
Update Mode: updateDependencies

The following packages were updated:
  com.unity.ide.vscode from version 1.1.0 to 1.1.2

=== Tue Dec 10 17:19:42 2019

Packages were changed.
Update Mode: updateDependencies

The following packages were updated:
  com.unity.ide.vscode from version 1.1.2 to 1.1.3

=== Tue Mar 24 21:03:54 2020

Packages were changed.
Update Mode: updateDependencies

The following packages were updated:
  com.unity.ide.rider from version 1.1.0 to 1.1.4
  com.unity.ide.vscode from version 1.1.3 to 1.1.4
  com.unity.render-pipelines.high-definition from version 6.9.2-preview to 7.1.8
  com.unity.render-pipelines.lightweight from version 6.9.1 to 7.1.8
  com.unity.test-framework from version 1.0.13 to 1.1.11
  com.unity.timeline from version 1.1.0 to 1.2.12
The following packages were removed:
  com.unity.package-manager-ui@2.2.0

=== Thu Apr 29 04:00:56 2021

Packages were changed.
Update Mode: updateDependencies

The following packages were added:
  com.unity.ide.visualstudio@2.0.7
The following packages were updated:
  com.unity.cinemachine from version 2.5.0 to 2.7.3
  com.unity.collab-proxy from version 1.2.16 to 1.3.9
  com.unity.ext.nunit from version 1.0.0 to 1.0.6
  com.unity.ide.rider from version 1.1.4 to 3.0.5
  com.unity.ide.vscode from version 1.1.4 to 1.2.3
  com.unity.render-pipelines.high-definition from version 7.1.8 to 11.0.0
  com.unity.test-framework from version 1.1.11 to 1.1.24
  com.unity.textmeshpro from version 2.0.1 to 3.0.4
  com.unity.timeline from version 1.2.12 to 1.5.4
